d:\qt_test\finddialog\finddialog\x64\debug\finddialog.obj
d:\qt_test\finddialog\finddialog\x64\debug\moc_finddialog.obj
d:\qt_test\finddialog\finddialog\x64\debug\main.obj
d:\qt_test\finddialog\finddialog\x64\debug\qrc_finddialog.obj
d:\qt_test\finddialog\finddialog\x64\debug\vc141.pdb
d:\qt_test\finddialog\finddialog\generatedfiles\debug\moc_finddialog.cpp
d:\qt_test\finddialog\finddialog\generatedfiles\qrc_finddialog.cpp
d:\qt_test\finddialog\finddialog\generatedfiles\ui_finddialog.h
d:\qt_test\finddialog\x64\debug\finddialog.pdb
d:\qt_test\finddialog\finddialog\x64\debug\finddialog.tlog\cl.10200.write.1.tlog
d:\qt_test\finddialog\finddialog\x64\debug\finddialog.tlog\cl.command.1.tlog
d:\qt_test\finddialog\finddialog\x64\debug\finddialog.tlog\cl.read.1.tlog
d:\qt_test\finddialog\finddialog\x64\debug\finddialog.tlog\finddialog.write.1u.tlog
d:\qt_test\finddialog\finddialog\x64\debug\finddialog.tlog\link-cvtres.read.1.tlog
d:\qt_test\finddialog\finddialog\x64\debug\finddialog.tlog\link-cvtres.write.1.tlog
d:\qt_test\finddialog\finddialog\x64\debug\finddialog.tlog\link-rc.read.1.tlog
d:\qt_test\finddialog\finddialog\x64\debug\finddialog.tlog\link-rc.write.1.tlog
d:\qt_test\finddialog\finddialog\x64\debug\finddialog.tlog\link.command.1.tlog
d:\qt_test\finddialog\finddialog\x64\debug\finddialog.tlog\link.read.1.tlog
d:\qt_test\finddialog\finddialog\x64\debug\finddialog.tlog\link.write.1.tlog
